
hello 
my 
name 
is 
luke 
mcdaniel 
0. 0 
1. null 
2. 0 
3. 0 
4. 0 
5. null 
6. -16777216 
7. 0 
8. null 
9. null 
10. null 
11. null 
12. null 
13. null 
14. null 
15. null 
16. null 
17. null 
18. null 
19. null 
20. null 
21. null 
22. null 
23. null 
24. null 
25. null 
26. null 
27. null 
28. null 
29. null 
30. null 
31. null 
32. null 
33. null 
34. null 
35. null 
36. null 
37. null 
38. null 
39. null 
40. null 
41. null 
42. null 
43. null 
44. 2 
45. null 
46. null 
47. null 
48. null 
49. null 
50. null 
51. null 
52. null 
53. null 
54. null 
55. null 
56. null 
57. null 
58. null 
59. null 
60. null 
61. null 
62. null 
63. null 
64. null 
65. null 
66. null 
67. null 
68. null 
69. null 
70. null 
71. 0 
72. 926365233 
73. 737114873 
74. 0 
75. null 
76. 4195632 
77. -89734384 
78. null 
79. null 
80. -89734608 
81. 733385513 
82. 8096 
83. 24 
84. -89734704 
85. -89734896 
86. null 
87. 86 
88. 86 
89. 6 
90. null 
91. 733360461 
92. -89734784 
93. 4196583 
94. 0 
95. 0 
96. 101 
97. 4197126 
98. -2147483648 
99. 1 
100. -89734720 
